usage: main_moco.py [-h] [--dataset_name DATASET_NAME] [--job_name JOB_NAME]
                    [-a ARCH] [-j N] [--epochs N] [--start-epoch N] [-b N]
                    [--lr LR] [--schedule [SCHEDULE [SCHEDULE ...]]]
                    [--momentum M] [--wd W] [-p N] [--resume PATH]
                    [--world-size WORLD_SIZE] [--rank RANK]
                    [--dist-url DIST_URL] [--dist-backend DIST_BACKEND]
                    [--seed SEED] [--gpu GPU] [--multiprocessing-distributed]
                    [--moco-dim MOCO_DIM] [--moco-k MOCO_K] [--moco-m MOCO_M]
                    [--moco-t MOCO_T] [--mlp MLP] [--aug-plus AUG_PLUS]
                    [--cos COS]
main_moco.py: error: unrecognized arguments: -- moco-m 0.99 --epochs 200
usage: main_moco.py [-h] [--dataset_name DATASET_NAME] [--job_name JOB_NAME]
                    [-a ARCH] [-j N] [--epochs N] [--start-epoch N] [-b N]
                    [--lr LR] [--schedule [SCHEDULE [SCHEDULE ...]]]
                    [--momentum M] [--wd W] [-p N] [--resume PATH]
                    [--world-size WORLD_SIZE] [--rank RANK]
                    [--dist-url DIST_URL] [--dist-backend DIST_BACKEND]
                    [--seed SEED] [--gpu GPU] [--multiprocessing-distributed]
                    [--moco-dim MOCO_DIM] [--moco-k MOCO_K] [--moco-m MOCO_M]
                    [--moco-t MOCO_T] [--mlp MLP] [--aug-plus AUG_PLUS]
                    [--cos COS]
main_moco.py: error: unrecognized arguments: -- moco-m 0.9 --epochs 200
